============================= test session starts ==============================
platform darwin -- Python 3.13.7, pytest-9.0.2, pluggy-1.6.0 -- /Users/takahisaogawa/.pyenv/versions/3.13.7/bin/python
cachedir: .pytest_cache
rootdir: /Users/takahisaogawa/project/AccelMCP
configfile: pytest.ini
plugins: mock-3.15.1, playwright-0.7.2, flask-1.3.0, anyio-4.10.0, base-url-2.1.0, cov-7.0.0
collecting ... collected 10 items

tests/test_modal_and_sync.py::TestTemplateSyncService::test_check_for_updates_with_update_available PASSED [ 10%]
tests/test_modal_and_sync.py::TestTemplateSyncService::test_check_for_updates_already_latest PASSED [ 20%]
tests/test_modal_and_sync.py::TestTemplateSyncService::test_sync_templates_success PASSED [ 30%]
tests/test_modal_and_sync.py::TestCommonModalBasic::test_modal_html_structure_exists PASSED [ 40%]
tests/test_modal_and_sync.py::TestCommonModalBasic::test_i18n_modal_keys_exist PASSED [ 50%]
tests/test_modal_and_sync.py::TestCommonModalBasic::test_modal_js_file_exists PASSED [ 60%]
tests/test_modal_and_sync.py::TestAPIEndpoints::test_check_updates_endpoint_exists PASSED [ 70%]
tests/test_modal_and_sync.py::TestAPIEndpoints::test_sync_templates_endpoint_exists PASSED [ 80%]
tests/test_modal_and_sync.py::test_template_sync_service_initialization PASSED [ 90%]
tests/test_modal_and_sync.py::test_modal_and_sync_integration PASSED     [100%]

=============================== warnings summary ===============================
tests/test_modal_and_sync.py: 10 warnings
  /Users/takahisaogawa/.pyenv/versions/3.13.7/lib/python3.13/site-packages/sqlalchemy/sql/schema.py:3624: DeprecationWarning: datetime.datetime.utcnow() is deprecated and scheduled for removal in a future version. Use timezone-aware objects to represent datetimes in UTC: datetime.datetime.now(datetime.UTC).
    return util.wrap_callable(lambda ctx: fn(), fn)  # type: ignore

tests/test_modal_and_sync.py::TestTemplateSyncService::test_sync_templates_success
  /Users/takahisaogawa/project/AccelMCP/app/services/template_sync.py:214: DeprecationWarning: datetime.datetime.utcnow() is deprecated and scheduled for removal in a future version. Use timezone-aware objects to represent datetimes in UTC: datetime.datetime.now(datetime.UTC).
    setting_value=datetime.utcnow().isoformat()

tests/test_modal_and_sync.py::TestAPIEndpoints::test_sync_templates_endpoint_exists
  /Users/takahisaogawa/project/AccelMCP/app/services/audit_logger.py:38: DeprecationWarning: datetime.datetime.utcnow() is deprecated and scheduled for removal in a future version. Use timezone-aware objects to represent datetimes in UTC: datetime.datetime.now(datetime.UTC).
    created_at=datetime.utcnow(),

-- Docs: https://docs.pytest.org/en/stable/how-to/capture-warnings.html
======================= 10 passed, 12 warnings in 0.44s ========================
